This structure has broken O3'[i] to P[i+1] linkages
****************************************************************************
    3DNA v2.1-2015mar11, created and maintained by Xiang-Jun Lu (PhD)
****************************************************************************
1. The list of the parameters given below correspond to the 5' to 3' direction
   of strand I and 3' to 5' direction of strand II.

2. All angular parameters, except for the phase angle of sugar pseudo-
   rotation, are measured in degrees in the range of [-180, +180], and all
   displacements are measured in Angstrom units.
****************************************************************************
File name: e277.pdb
Date and time: Fri Jan  8 09:47:06 2016

Number of base-pairs: 11
Number of atoms: 822
****************************************************************************
TITLE     1ERI IN WATER T= 22770.00000
****************************************************************************
RMSD of the bases (----- for WC bp, + for isolated bp, x for helix change)

            Strand I                    Strand II          Helix
   1   (0.060) .278>-:.524_:[.DC]C-----G[DG3]:.548_:-<.278 (0.044)     |
   2   (0.079) .278>-:.525_:[.DG]G-----C[.DC]:.547_:-<.278 (0.036)     |
   3   (0.042) .278>-:.526_:[.DC]C-----G[.DG]:.546_:-<.278 (0.075)     |
   4   (0.069) .278>-:.527_:[.DG]G-----C[.DC]:.545_:-<.278 (0.042)     |
   5   (0.062) .278>-:.528_:[.DA]A-----T[.DT]:.544_:-<.278 (0.026)     x
   6   (0.064) .278>-:.530_:[.DT]T-----A[.DA]:.542_:-<.278 (0.070)     |
   7   (0.050) .278>-:.531_:[.DT]T-----A[.DA]:.541_:-<.278 (0.084)     |
   8   (0.056) .278>-:.532_:[.DC]C-----G[.DG]:.540_:-<.278 (0.051)     |
   9   (0.080) .278>-:.533_:[.DG]G-----C[.DC]:.539_:-<.278 (0.063)     |
  10   (0.068) .278>-:.534_:[.DC]C-----G[.DG]:.538_:-<.278 (0.090)     |
  11   (0.066) .278>-:.535_:[DG3]G-----C[.DC]:.537_:-<.278 (0.050)     |
****************************************************************************
Detailed H-bond information: atom-name pair and length [ O N]
   1 C-----G  [3]  N4 - O6  2.73  N3 - N1  2.84  O2 - N2  2.96
   2 G-----C  [3]  O6 - N4  2.80  N1 - N3  2.96  N2 - O2  3.05
   3 C-----G  [3]  N4 - O6  2.97  N3 - N1  3.03  O2 - N2  3.04
   4 G-----C  [3]  O6 - N4  3.04  N1 - N3  3.00  N2 - O2  2.91
   5 A-----T  [2]  N6 - O4  3.04  N1 - N3  3.05
   6 T-----A  [2]  O4 - N6  2.91  N3 - N1  3.12
   7 T-----A  [2]  O4 - N6  2.96  N3 - N1  2.94
   8 C-----G  [3]  N4 - O6  2.95  N3 - N1  3.12  O2 - N2  2.91
   9 G-----C  [3]  O6 - N4  3.16  N1 - N3  3.06  N2 - O2  3.07
  10 C-----G  [3]  N4 - O6  2.78  N3 - N1  2.82  O2 - N2  2.75
  11 G-----C  [3]  O6 - N4  2.91  N1 - N3  2.95  N2 - O2  2.96
****************************************************************************
Overlap area in Angstrom^2 between polygons defined by atoms on successive
bases. Polygons projected in the mean plane of the designed base-pair step.

Values in parentheses measure the overlap of base ring atoms only. Those
outside parentheses include exocyclic atoms on the ring. Intra- and
inter-strand overlap is designated according to the following diagram:

                    i2  3'      5' j2
                       /|\      |
                        |       |
               Strand I |       | II
                        |       |
                        |       |
                        |      \|/
                    i1  5'      3' j1

     step      i1-i2        i1-j2        j1-i2        j1-j2        sum
   1 CG/CG  5.91( 2.44)  0.00( 0.00)  0.08( 0.00)  0.10( 0.00)  6.09( 2.44)
   2 GC/GC  1.77( 0.16)  0.00( 0.00)  0.00( 0.00)  6.46( 4.09)  8.23( 4.26)
   3 CG/CG  1.54( 0.46)  0.00( 0.00)  1.28( 0.01)  0.00( 0.00)  2.82( 0.47)
   4 GA/TC  3.07( 0.41)  0.00( 0.00)  0.00( 0.00)  7.07( 3.30) 10.14( 3.71)
   5 AT/AT  0.00( 0.00)  0.00( 0.00)  0.00( 0.00)  0.00( 0.00)  0.00( 0.00)
   6 TT/AA  5.74( 0.39)  0.00( 0.00)  0.00( 0.00)  6.16( 3.45) 11.90( 3.84)
   7 TC/GA  2.41( 0.79)  0.00( 0.00)  0.00( 0.00)  1.71( 0.28)  4.12( 1.07)
   8 CG/CG  0.75( 0.13)  0.00( 0.00)  2.55( 0.46)  0.00( 0.00)  3.30( 0.60)
   9 GC/GC  5.66( 2.82)  0.00( 0.00)  0.00( 0.00)  4.58( 1.66) 10.24( 4.48)
  10 CG/CG  2.00( 0.38)  0.00( 0.00)  1.22( 0.00)  3.20( 1.58)  6.42( 1.96)
****************************************************************************
Origin (Ox, Oy, Oz) and mean normal vector (Nx, Ny, Nz) of each base-pair in
   the coordinate system of the given structure

      bp        Ox        Oy        Oz        Nx        Ny        Nz
    1 C-G     38.126    54.553    65.189     0.641    -0.097    -0.761
    2 G-C     39.484    53.439    62.130     0.615    -0.131    -0.778
    3 C-G     42.163    52.494    60.499     0.517    -0.272    -0.812
    4 G-C     42.741    51.307    57.000     0.522    -0.227    -0.822
    5 A-T     44.869    49.421    54.898     0.579    -0.288    -0.763
    6 T-A     50.506    48.343    47.372     0.226    -0.620    -0.752
    7 T-A     51.671    46.057    45.475     0.422    -0.360    -0.832
    8 C-G     53.957    45.942    42.503     0.395    -0.305    -0.867
    9 G-C     56.724    45.702    39.886     0.399    -0.343    -0.851
   10 C-G     59.822    44.775    37.304     0.438    -0.368    -0.820
   11 G-C     61.794    44.528    35.697     0.473    -0.288    -0.833
****************************************************************************
Local base-pair parameters
     bp        Shear    Stretch   Stagger    Buckle  Propeller  Opening
    1 C-G      -0.22     -0.12      0.23     -5.40    -10.64     -4.69
    2 G-C       0.52     -0.04      0.32     -7.52      1.36     -7.87
    3 C-G      -0.27      0.04     -0.32      1.44      4.09     -4.17
    4 G-C       0.13      0.04     -0.18     -3.15     -1.60     -1.71
    5 A-T       1.04     -0.02      0.82      9.36      3.85      1.15
    6 T-A      -0.09      0.16      0.81    -15.69     16.41     -3.91
    7 T-A      -0.17      0.04     -0.15      8.66      1.40      2.86
    8 C-G       0.18      0.03     -0.63      0.60     -1.93      3.07
    9 G-C       0.27      0.15      0.16     -8.95     -3.73     -1.03
   10 C-G      -0.06     -0.14      0.48    -23.09      8.79     -3.58
   11 G-C       0.43      0.01      0.32     19.10     16.26     -2.97
          ~~~~~~~~~~~~~~~~~~~~~~~~~~~~~~~~~~~~~~~~~~~~~~~~~~~~~~~~~~~~
      ave.      0.16      0.01      0.17     -2.24      3.11     -2.08
      s.d.      0.39      0.09      0.46     11.96      8.20      3.37
****************************************************************************
Local base-pair step parameters
    step       Shift     Slide      Rise      Tilt      Roll     Twist
   1 CG/CG      1.14      0.11      3.33      0.10      2.62     36.26
   2 GC/GC     -1.12     -0.62      3.01      6.69      7.47     26.44
   3 CG/CG      1.17     -0.82      3.46     -2.43      1.04     42.12
   4 GA/TC     -1.19     -0.08      3.33     -2.13     -5.46     34.37
   5 AT/AT      ----      ----      ----      ----      ----      ----
   6 TT/AA     -0.18      0.94      3.04      9.72     16.66     24.55
   7 TC/GA      0.85     -1.06      3.50      3.49     -2.00     36.58
   8 CG/CG      0.72     -1.53      3.42     -1.62      1.70     34.71
   9 GC/GC      0.27     -1.65      3.78      1.89      2.58     33.45
  10 CG/CG     -0.56     -0.94      2.31      1.28     -4.86     19.98
          ~~~~~~~~~~~~~~~~~~~~~~~~~~~~~~~~~~~~~~~~~~~~~~~~~~~~~~~~~~~~
      ave.      0.12     -0.63      3.24      1.89      2.20     32.05
      s.d.      0.93      0.83      0.42      4.15      6.76      6.96
****************************************************************************
Local base-pair helical parameters
    step       X-disp    Y-disp   h-Rise     Incl.       Tip   h-Twist
   1 CG/CG     -0.20     -1.82      3.34      4.21     -0.17     36.35
   2 GC/GC     -2.76      3.63      2.40     15.63    -14.01     28.25
   3 CG/CG     -1.25     -1.89      3.37      1.44      3.38     42.20
   4 GA/TC      0.73      1.66      3.37     -9.16      3.58     34.85
   5 AT/AT      ----      ----      ----      ----      ----      ----
   6 TT/AA     -1.47      2.23      2.85     33.38    -19.47     31.13
   7 TC/GA     -1.38     -0.83      3.61     -3.18     -5.54     36.79
   8 CG/CG     -2.82     -1.45      3.31      2.85      2.71     34.79
   9 GC/GC     -3.34     -0.11      3.66      4.47     -3.27     33.60
  10 CG/CG     -1.06      1.99      2.43    -13.72     -3.62     20.59
          ~~~~~~~~~~~~~~~~~~~~~~~~~~~~~~~~~~~~~~~~~~~~~~~~~~~~~~~~~~~~
      ave.     -1.51      0.38      3.15      3.99     -4.05     33.17
      s.d.      1.31      2.04      0.47     13.90      8.02      6.09
****************************************************************************
Structure classification: 

This structure contains more than one helical regions
This is a right-handed nucleic acid structure
****************************************************************************
lambda: virtual angle between C1'-YN1 or C1'-RN9 glycosidic bonds and the
        base-pair C1'-C1' line

C1'-C1': distance between C1' atoms for each base-pair
RN9-YN1: distance between RN9-YN1 atoms for each base-pair
RC8-YC6: distance between RC8-YC6 atoms for each base-pair

    bp     lambda(I) lambda(II)  C1'-C1'   RN9-YN1   RC8-YC6
   1 C-G      52.8      55.6      10.8       9.1      10.0
   2 G-C      54.8      52.9      11.0       9.3      10.0
   3 C-G      49.2      54.5      11.1       9.3      10.1
   4 G-C      55.1      55.3      11.0       9.2      10.1
   5 A-T      64.7      56.2      10.5       9.1      10.0
   6 T-A      53.6      56.2      10.9       9.2      10.1
   7 T-A      57.0      53.3      10.8       9.0      10.0
   8 C-G      55.2      57.3      10.7       9.1      10.1
   9 G-C      57.8      55.2      10.9       9.3      10.2
  10 C-G      55.6      56.2      10.4       8.8       9.7
  11 G-C      52.8      49.6      11.0       9.1       9.9
****************************************************************************
Classification of each dinucleotide step in a right-handed nucleic acid
structure: A-like; B-like; TA-like; intermediate of A and B, or other cases

    step       Xp      Yp      Zp     XpH     YpH     ZpH    Form
   1 CG/CG   -2.81    9.01    0.35   -2.99    8.97    0.98
   2 GC/GC   -2.77    8.95    0.53   -5.45    8.47    3.03
   3 CG/CG   -2.97    8.72    0.54   -4.11    8.71    0.73
   4 GA/TC   -3.33    8.87    0.34   -2.60    8.82   -1.08
   5 AT/AT    ---     ---     ---     ---     ---     ---     --- 
   6 TT/AA   -2.95    8.93   -0.18   -4.55    7.54    4.89
   7 TC/GA   -3.19    9.07    0.52   -4.52    9.08    0.03
   8 CG/CG   -3.46    8.85    1.04   -6.16    8.79    1.46
   9 GC/GC   -3.16    8.65    1.27   -6.25    8.53    1.87
  10 CG/CG   -3.46    9.44    0.73   -4.49    9.35   -1.47
****************************************************************************
Minor and major groove widths: direct P-P distances and refined P-P distances
   which take into account the directions of the sugar-phosphate backbones

   (Subtract 5.8 Angstrom from the values to take account of the vdw radii
    of the phosphate groups, and for comparison with FreeHelix and Curves.)

Ref: M. A. El Hassan and C. R. Calladine (1998). ``Two Distinct Modes of
     Protein-induced Bending in DNA.'' J. Mol. Biol., v282, pp331-343.

                  Minor Groove        Major Groove
                 P-P     Refined     P-P     Refined
   1 CG/CG       ---       ---       ---       ---
   2 GC/GC       ---       ---       ---       ---
   3 CG/CG       ---       ---       ---       ---
   4 GA/TC       ---       ---       ---       ---
   5 AT/AT       ---       ---       ---       ---
   6 TT/AA       ---       ---       ---       ---
   7 TC/GA       ---       ---       ---       ---
   8 CG/CG      10.3       ---      21.4       ---
   9 GC/GC       ---       ---       ---       ---
  10 CG/CG       ---       ---       ---       ---
****************************************************************************
Global linear helical axis defined by equivalent C1' and RN9/YN1 atom pairs
Deviation from regular linear helix: 3.99(1.25)
****************************************************************************
Main chain and chi torsion angles: 

Note: alpha:   O3'(i-1)-P-O5'-C5'
      beta:    P-O5'-C5'-C4'
      gamma:   O5'-C5'-C4'-C3'
      delta:   C5'-C4'-C3'-O3'
      epsilon: C4'-C3'-O3'-P(i+1)
      zeta:    C3'-O3'-P(i+1)-O5'(i+1)

      chi for pyrimidines(Y): O4'-C1'-N1-C2
          chi for purines(R): O4'-C1'-N9-C4

Strand I
  base    alpha    beta   gamma   delta  epsilon   zeta    chi
   1 C    -74.7  -179.0    61.9   136.1  -170.3   -92.4  -102.3
   2 G    -74.1   163.7    59.4   128.6  -174.1  -141.6  -108.0
   3 C    -69.3   177.8    65.4   150.6   164.1   -89.5  -109.7
   4 G    -77.6  -159.0    48.2   149.2  -167.8  -132.8  -112.3
   5 A    -64.7  -177.2    56.7   142.8  -143.5   -78.8  -102.5
   6 T    -84.4   132.1    59.3    90.2  -137.1   -95.2  -164.4
   7 T    -70.2   166.2    59.8   149.0   175.8   -99.6  -103.2
   8 C    -57.1   167.8    59.5   125.1   178.3   -97.8  -126.7
   9 G    -66.2   158.8    65.8   119.4  -163.1   -80.1  -156.8
  10 C    -91.9  -178.2    52.7    96.2  -173.4   -85.2  -149.5
  11 G    -80.2   170.0    66.6   129.7    ---     ---   -106.8

Strand II
  base    alpha    beta   gamma   delta  epsilon   zeta    chi
   1 G    -69.9   138.8    55.1   141.0    ---     ---   -119.1
   2 C    -69.2   166.9    41.0   136.2  -127.5   178.6   -99.4
   3 G    -77.9  -154.7    32.5   151.0  -174.9   -87.2   -96.4
   4 C    -94.5    79.7   160.5   134.9  -151.2  -101.7  -153.7
   5 T    -80.9   174.0    50.6   140.2  -161.4   -85.9   -88.2
   6 A     94.9  -168.0  -157.5   164.4   -94.3   149.8  -102.5
   7 A    -70.9  -166.0    63.2   132.1  -143.5   -88.6  -129.5
   8 G    -81.6  -165.7    52.1   139.9  -179.2  -100.4  -122.2
   9 C    -65.0   176.9    60.6   148.6  -169.6  -104.7  -132.9
  10 G    -60.5   179.0    49.6   102.1   171.8  -109.9  -111.5
  11 C    -79.8   166.7    55.7   126.3   173.6   -81.3  -103.3
****************************************************************************
Sugar conformational parameters: 

Note: v0: C4'-O4'-C1'-C2'
      v1: O4'-C1'-C2'-C3'
      v2: C1'-C2'-C3'-C4'
      v3: C2'-C3'-C4'-O4'
      v4: C3'-C4'-O4'-C1'

      tm: the amplitude of pucker
      P:  the phase angle of pseudorotation

Strand I
 base       v0      v1      v2      v3      v4      tm       P    Puckering
   1 C    -17.1    29.3   -30.2    21.8    -2.4    31.0   166.5    C2'-endo
   2 G    -28.2    39.5   -32.4    17.6     6.1    37.2   150.5    C2'-endo
   3 C    -12.0    34.7   -42.1    37.2   -16.0    42.2   182.8    C3'-exo 
   4 G    -28.0    39.7   -36.0    21.9     3.4    39.4   156.1    C2'-endo
   5 A    -21.2    31.7   -28.3    17.5     2.8    30.9   156.4    C2'-endo
   6 T    -11.8    -4.5    18.9   -27.1    24.8    26.9    45.6    C4'-exo 
   7 T     -9.8    29.5   -37.0    31.2   -13.7    37.0   182.8    C3'-exo 
   8 C    -45.0    48.8   -31.5     4.1    27.1    49.3   129.7    C1'-exo 
   9 G    -49.3    39.0   -16.3   -10.1    36.2    46.7   110.4    C1'-exo 
  10 C    -37.7    16.7     8.4   -31.1    44.6    43.1    78.8    O4'-endo
  11 G    -40.4    45.7   -33.2    12.7    16.8    44.3   138.6    C1'-exo 

Strand II
 base       v0      v1      v2      v3      v4      tm       P    Puckering
   1 G    -20.6    34.7   -32.5    21.0    -0.0    34.4   161.1    C2'-endo
   2 C    -38.5    45.2   -33.2    13.1    13.9    43.1   140.4    C1'-exo 
   3 G     -0.4    22.7   -33.3    35.7   -22.1    35.1   198.7    C3'-exo 
   4 C    -28.7    39.5   -34.3    16.8     7.2    39.2   151.0    C2'-endo
   5 T    -34.6    42.0   -31.0    11.7    13.8    40.2   140.5    C1'-exo 
   6 A    -25.0    44.5   -47.8    37.8    -7.8    48.5   170.8    C2'-endo
   7 A    -23.1    37.5   -35.9    24.6    -2.2    37.6   163.0    C2'-endo
   8 G    -12.7    29.5   -35.1    27.9    -9.6    35.1   177.5    C2'-endo
   9 C    -16.9    33.2   -35.7    26.8    -6.7    36.1   171.4    C2'-endo
  10 G    -51.0    44.0   -23.7    -6.6    38.3    51.3   117.5    C1'-exo 
  11 C    -25.6    31.7   -26.7    11.5     8.7    32.0   146.5    C2'-endo
****************************************************************************
Same strand P--P and C1'--C1' virtual bond distances

                 Strand I                          Strand II
    step      P--P     C1'--C1'       step      P--P     C1'--C1'
   1 C/G      6.99      4.44         1 G/C      6.46      5.40
   2 G/C      7.07      6.04         2 C/G      6.76      4.30
   3 C/G      7.18      4.80         3 G/C      6.99      6.38
   4 G/A      6.72      5.78         4 C/T      7.16      3.97
   5 A/T       ---       ---         5 T/A       ---       ---
   6 T/T      6.41      6.03         6 A/A      6.70      5.30
   7 T/C      7.47      4.66         7 A/G      6.88      5.46
   8 C/G      6.86      4.70         8 G/C      7.27      5.77
   9 G/C      6.86      5.82         9 C/G      6.76      5.27
  10 C/G      6.40      5.22        10 G/C      7.24      4.60
****************************************************************************
Helix radius (radial displacement of P, O4', and C1' atoms in local helix
   frame of each dimer)

                        Strand I                      Strand II
     step         P        O4'       C1'        P        O4'        C1'
   1 CG/CG      8.35      4.95      4.34     10.61      8.46      7.61
   2 GC/GC     12.62     11.24     10.35      7.98      5.85      5.00
   3 CG/CG      8.06      5.86      5.15     11.22      8.97      8.20
   4 GA/TC     10.29      7.64      7.20      8.30      4.67      4.14
   5 AT/AT      ----      ----      ----      ----      ----      ----
   6 TT/AA     10.42      9.28      8.27      7.38      4.65      3.69
   7 TC/GA      9.65      6.69      6.10     10.67      7.93      7.36
   8 CG/CG      9.77      7.22      6.61     11.73      9.55      8.74
   9 GC/GC     11.33      8.37      7.74      9.85      8.68      7.73
  10 CG/CG     11.96      8.51      7.94      8.92      5.39      4.78
****************************************************************************
Position (Px, Py, Pz) and local helical axis vector (Hx, Hy, Hz)
         for each dinucleotide step

     step       Px        Py        Pz        Hx        Hy        Hz
   1 CG/CG     37.75     55.08     62.80      0.59     -0.07     -0.80
   2 GC/GC     39.03     48.97     60.69      0.32      0.00     -0.95
   3 CG/CG     42.37     53.90     58.06      0.57     -0.25     -0.78
   4 GA/TC     42.63     49.09     55.90      0.44     -0.38     -0.81
   5 AT/AT      ----      ----      ----      ----      ----      ----
   6 TT/AA     51.99     48.99     44.82      0.71     -0.63     -0.30
   7 TC/GA     53.90     45.37     44.85      0.49     -0.28     -0.82
   8 CG/CG     56.42     43.35     42.56      0.34     -0.34     -0.88
   9 GC/GC     58.84     42.55     40.24      0.36     -0.43     -0.83
  10 CG/CG     62.04     43.82     38.14      0.63     -0.38     -0.67
